<?xml version="1.0" encoding="UTF-8"?>
<!-- Generated by org.testng.reporters.JUnitXMLReporter -->
<testsuite hostname="MPL-11S7LQ2" ignored="4" name="Test" tests="7" failures="0" timestamp="27 Jun 2021 18:04:11 GMT" time="2.908" errors="0">
  <testcase name="verifyUserBasedOnUserId" time="1.643" classname="com.qa.usersApi.test.GetRequestTest"/>
  <testcase name="verifyUserDetailsFieldFormats" time="0.37" classname="com.qa.usersApi.test.GetRequestTest"/>
  <testcase name="verifyCreateUserTest" time="0.507" classname="com.qa.usersApi.test.PostRequestTest"/>
  <testcase name="verifyCreateUserWithDuplicateEmailIdTest" time="0.044" classname="com.qa.usersApi.test.PostRequestTest"/>
  <testcase name="verifyCreateUserWithDuplicateFN_LN_DOBTest" time="0.092" classname="com.qa.usersApi.test.PostRequestTest"/>
  <testcase name="verifyDeleteAnAlreadyDeletedUserTest" time="0.125" classname="com.qa.usersApi.test.DeleteRequestTest"/>
  <testcase name="verifyDeleteUserTest" time="0.095" classname="com.qa.usersApi.test.DeleteRequestTest"/>
  <testcase name="@AfterSuite generateReport" time="0.0" classname="com.qa.testBase.BaseTest">
    <ignored/>
  </testcase> <!-- @AfterSuite generateReport -->
  <testcase name="@AfterSuite generateReport" time="0.0" classname="com.qa.testBase.BaseTest">
    <ignored/>
  </testcase> <!-- @AfterSuite generateReport -->
  <testcase name="@BeforeSuite beforeSuite" time="0.0" classname="com.qa.testBase.BaseTest">
    <ignored/>
  </testcase> <!-- @BeforeSuite beforeSuite -->
  <testcase name="@BeforeSuite beforeSuite" time="0.0" classname="com.qa.testBase.BaseTest">
    <ignored/>
  </testcase> <!-- @BeforeSuite beforeSuite -->
</testsuite> <!-- Test -->
