<?xml version="1.0" encoding="UTF-8"?>
<!-- Generated by org.testng.reporters.JUnitXMLReporter -->
<testsuite hostname="MPL-11S7LQ2" ignored="0" name="Default test" tests="2" failures="0" timestamp="27 Jun 2021 17:37:20 GMT" time="3.843" errors="0">
  <testcase name="verifyUserBasedOnUserId" time="3.241" classname="com.qa.usersApi.test.GetRequestTest"/>
  <testcase name="verifyUserDetailsFieldFormats" time="0.57" classname="com.qa.usersApi.test.GetRequestTest"/>
</testsuite> <!-- Default test -->
